[LOG] System::create                           : Header version = 2.02.24. Current version = 2.02.24.
[LOG] Manager::init                            : maxchannels = 256 studioflags = 00000006 flags 00000000 extradriverdata 0000000000000000.
[LOG] SystemI::init                            : Initialize version=20224 (146338), maxchannels=256, flags=0x00020000
[LOG] SystemI::setOutputInternal               : Setting output to 'FMOD WASAPI Output'
[LOG] OutputWASAPI::init                       : Mix Format (WAVEFORMATEX): wFormatTag=0xFFFE, nChannels=2, nSamplesPerSec=48000, nAvgBytesPerSec=384000, nBlockAlign=8, wBitsPerSample=32, cbSize=22.
[LOG] OutputWASAPI::init                       : Mix Format (WAVEFORMATEXTENSIBLE): wValidBitsPerSample=32, dwChannelMask=0x00000003, SubFormat=00000003-0000-0010-8000-00AA00389B71.
[LOG] OutputWASAPI::init                       : Output buffer size: 4096 samples, latency: 0.00ms, period: 10.00ms, DSP buffer: 1024 * 4
[LOG] Thread::initThread                       : Init FMOD stream thread. Affinity: 0x4000000000000003, Priority: 0xFFFF7FFB, Stack Size: 98304, Semaphore: No, Sleep Time: 10, Looping: Yes.
[LOG] Thread::initThread                       : Init FMOD mixer thread. Affinity: 0x4000000000000001, Priority: 0xFFFF7FFA, Stack Size: 81920, Semaphore: No, Sleep Time: 0, Looping: Yes.
[LOG] AsyncManager::init                       : manager 000001B6024D90D8 isAsync 0 updatePeriod 0.02
[LOG] AsyncManager::init                       : done
[LOG] PlaybackSystem::init                     : 
[LOG] Thread::initThread                       : Init FMOD Studio sample load thread. Affinity: 0x4000000000000003, Priority: 0xFFFF7FFD, Stack Size: 98304, Semaphore: No, Sleep Time: 1, Looping: No.
[LOG] PlaybackSystem::init                     : done
[LOG] Thread::initThread                       : Init FMOD Studio bank load thread. Affinity: 0x4000000000000003, Priority: 0xFFFF7FFD, Stack Size: 98304, Semaphore: No, Sleep Time: 1, Looping: No.
[LOG] Manager::init                            : done.
[LOG] Manager::readBank                        : fileversion = 142, compatVersion = 140 (oldest = 44, newest = 142)
[LOG] Manager::readBank                        : fileversion = 142, compatVersion = 140 (oldest = 44, newest = 142)
[LOG] Manager::readBank                        : fileversion = 142, compatVersion = 140 (oldest = 44, newest = 142)
[LOG] PlaybackSystem::acquireMasterBus         : Setting master channel group format to 6
[LOG] Manager::readBank                        : fileversion = 142, compatVersion = 140 (oldest = 44, newest = 142)
[LOG] SystemI::createSoundInternal             : Create name='', mode=0x02000202
[LOG] SystemI::createSoundInternal             : exinfo->cbsize             = 224
[LOG] SystemI::createSoundInternal             : exinfo->length             = 502848
[LOG] SystemI::createSoundInternal             : exinfo->fileoffset         = 8640
[LOG] SystemI::createSoundInternal             : exinfo->numsubsounds       = 1
[LOG] SystemI::createSoundInternal             : exinfo->inclusionlist      = 000000545C8DF488
[LOG] SystemI::createSoundInternal             : exinfo->inclusionlistnum   = 1
[LOG] SystemI::createSoundInternal             : exinfo->suggestedsoundtype = 5
[LOG] SystemI::createSoundInternal             : exinfo->useropen           = 00007FFED91A3CE0
[LOG] SystemI::createSoundInternal             : exinfo->userclose          = 00007FFED91A3CA0
[LOG] SystemI::createSoundInternal             : exinfo->userread           = 00007FFED91A3DC0
[LOG] SystemI::createSoundInternal             : exinfo->userseek           = 00007FFED91A3E80
[LOG] SystemI::createSoundInternal             : exinfo->fileuserdata       = 000001B890994288
[LOG] SystemI::createSoundInternal             : exinfo->initialseekpostype = 1
[LOG] SystemI::DSPCodecPoolRegister            : register codec pool for pool type 5
[LOG] SystemI::createSoundInternal             : Sample 0/1: name='land_new', format=5, channels=2, frequency=48000, lengthbytes=4768, lengthpcm=240000, pcmblocksize=0, loopstart=0, loopend=0, mode=0x00000000, channelmask=0x00000000, channelorder=0, peakvolume=0.672966.
[LOG] SystemI::createSoundInternal             : Create name='', mode=0x02000202
[LOG] SystemI::createSoundInternal             : exinfo->cbsize             = 224
[LOG] SystemI::createSoundInternal             : exinfo->length             = 56000
[LOG] SystemI::createSoundInternal             : exinfo->fileoffset         = 8928
[LOG] SystemI::createSoundInternal             : exinfo->numsubsounds       = 1
[LOG] SystemI::createSoundInternal             : exinfo->inclusionlist      = 000000545C8DF488
[LOG] SystemI::createSoundInternal             : exinfo->inclusionlistnum   = 1
[LOG] SystemI::createSoundInternal             : exinfo->suggestedsoundtype = 5
[LOG] SystemI::createSoundInternal             : exinfo->useropen           = 00007FFED91A3CE0
[LOG] SystemI::createSoundInternal             : exinfo->userclose          = 00007FFED91A3CA0
[LOG] SystemI::createSoundInternal             : exinfo->userread           = 00007FFED91A3DC0
[LOG] SystemI::createSoundInternal             : exinfo->userseek           = 00007FFED91A3E80
[LOG] SystemI::createSoundInternal             : exinfo->fileuserdata       = 000001B890994498
[LOG] SystemI::createSoundInternal             : exinfo->initialseekpostype = 1
[LOG] SystemI::DSPCodecPoolRegister            : register codec pool for pool type 5
[LOG] SystemI::createSoundInternal             : Sample 0/1: name='block_preparation', format=5, channels=2, frequency=48000, lengthbytes=6944, lengthpcm=240000, pcmblocksize=0, loopstart=0, loopend=0, mode=0x00000000, channelmask=0x00000000, channelorder=0, peakvolume=0.300396.
[LOG] SystemI::createSound                     : filename = Assets/FMOD/FMOD Sound Assets/Build/Desktop/Player.bank : mode 02010082
[LOG] SystemI::createSound                     : FMOD_NONBLOCKING specified.  Putting into queue to be opened asynchronously!
[LOG] AsyncThread::add                         : add sound to async queue : soundi = 000001B894417938, queue head = 000001B6020C2B68, queue count = 0
[LOG] AsyncThread::threadFunc                  : Starting Asynchronous operation on sound 000001B894417938
[LOG] SystemI::createSoundInternal             :     Create name='Assets/FMOD/FMOD Sound Assets/Build/Desktop/Player.bank', mode=0x02010082
[LOG] SystemI::createSoundInternal             :     exinfo->cbsize             = 224
[LOG] SystemI::createSoundInternal             :     exinfo->length             = 502848
[LOG] SystemI::createSoundInternal             :     exinfo->fileoffset         = 8640
[LOG] SystemI::createSoundInternal             :     exinfo->numsubsounds       = 1
[LOG] SystemI::createSoundInternal             :     exinfo->inclusionlist      = 000001B7DC78C200
[LOG] SystemI::createSoundInternal             :     exinfo->inclusionlistnum   = 1
[LOG] SystemI::createSoundInternal             :     exinfo->suggestedsoundtype = 5
[LOG] SystemI::createSoundInternal             :     exinfo->initialseekpostype = 1
[LOG] SystemI::createSoundInternal             :     Create name='', mode=0x02000202
[LOG] SystemI::createSoundInternal             :     exinfo->cbsize             = 224
[LOG] SystemI::createSoundInternal             :     exinfo->length             = 26144
[LOG] SystemI::createSoundInternal             :     exinfo->fileoffset         = 3552
[LOG] SystemI::createSoundInternal             :     exinfo->numsubsounds       = 1
[LOG] SystemI::createSoundInternal             :     exinfo->inclusionlist      = 000000545C8DF488
[LOG] SystemI::createSoundInternal             :     exinfo->inclusionlistnum   = 1
[LOG] SystemI::createSoundInternal             :     exinfo->suggestedsoundtype = 5
[LOG] SystemI::createSoundInternal             :     exinfo->useropen           = 00007FFED91A3CE0
[LOG] SystemI::createSoundInternal             :     exinfo->userclose          = 00007FFED91A3CA0
[LOG] SystemI::createSoundInternal             :     exinfo->userread           = 00007FFED91A3DC0
[LOG] SystemI::createSoundInternal             :     exinfo->userseek           = 00007FFED91A3E80
[LOG] SystemI::createSoundInternal             :     exinfo->fileuserdata       = 000001B850348D18
[LOG] SystemI::createSoundInternal             :     Stream 0/1: name='death', format=5, channels=2, frequency=48000, lengthbytes=11968, lengthpcm=488217, pcmblocksize=0, loopstart=0, loopend=0, mode=0x00000000, channelmask=0x00000000, channelorder=0, peakvolume=1.000000.
[LOG] SystemI::createSoundInternal             :     exinfo->initialseekpostype = 1
[LOG] SystemI::DSPCodecPoolRegister            :     register codec pool for pool type 5
[LOG] SystemI::createSoundInternal             :     Sample 0/1: name='lose', format=5, channels=2, frequency=48000, lengthbytes=9760, lengthpcm=240000, pcmblocksize=0, loopstart=0, loopend=0, mode=0x00000000, channelmask=0x00000000, channelorder=0, peakvolume=0.332729.
[LOG] AsyncThread::threadFunc                  : Finished Asynchronous operation on sound 000001B894417938
[LOG] SystemI::createSound                     : filename = Assets/FMOD/FMOD Sound Assets/Build/Desktop/Player.bank : mode 02010082
[LOG] SystemI::createSound                     : FMOD_NONBLOCKING specified.  Putting into queue to be opened asynchronously!
[LOG] AsyncThread::add                         : add sound to async queue : soundi = 000001B894419798, queue head = 000001B6020C2B68, queue count = 0
[LOG] AsyncThread::threadFunc                  : Starting Asynchronous operation on sound 000001B894419798
[LOG] SystemI::createSoundInternal             :     Create name='Assets/FMOD/FMOD Sound Assets/Build/Desktop/Player.bank', mode=0x02010082
[LOG] SystemI::createSoundInternal             :     exinfo->cbsize             = 224
[LOG] SystemI::createSoundInternal             :     exinfo->length             = 502848
[LOG] SystemI::createSoundInternal             :     exinfo->fileoffset         = 8640
[LOG] SystemI::createSoundInternal             :     exinfo->numsubsounds       = 1
[LOG] SystemI::createSoundInternal             :     exinfo->inclusionlist      = 000001B7DC78BE40
[LOG] SystemI::createSoundInternal             :     exinfo->inclusionlistnum   = 1
[LOG] SystemI::createSoundInternal             :     exinfo->suggestedsoundtype = 5
[LOG] SystemI::createSoundInternal             :     exinfo->initialseekposition = 30856
[LOG] SystemI::createSoundInternal             :     exinfo->initialseekpostype = 1
[LOG] SystemI::createSoundInternal             :     Stream 0/1: name='251461__joshuaempyre__arcade-music-loop', format=5, channels=2, frequency=48000, lengthbytes=474752, lengthpcm=1645714, pcmblocksize=0, loopstart=0, loopend=0, mode=0x00000000, channelmask=0x00000000, channelorder=0, peakvolume=0.841400.
[LOG] AsyncThread::threadFunc                  : Finished Asynchronous operation on sound 000001B894419798
[LOG] SoundI::release                          : 251461__joshuaempyre__arcade-music-loop (000001B8FAC684A8)
[LOG] SoundI::release                          :     251461__joshuaempyre__arcade-music-loop (000001B84FFE3578)
[LOG] SoundI::release                          :     251461__joshuaempyre__arcade-music-loop (000001B8FAC68658)
[LOG] SystemI::createSound                     : filename = Assets/FMOD/FMOD Sound Assets/Build/Desktop/Blocks.bank : mode 02010082
[LOG] SystemI::createSound                     : FMOD_NONBLOCKING specified.  Putting into queue to be opened asynchronously!
[LOG] AsyncThread::add                         : add sound to async queue : soundi = 000001B894417788, queue head = 000001B6020C2B68, queue count = 0
[LOG] AsyncThread::threadFunc                  : Starting Asynchronous operation on sound 000001B894417788
[LOG] SystemI::createSoundInternal             :     Create name='Assets/FMOD/FMOD Sound Assets/Build/Desktop/Blocks.bank', mode=0x02010082
[LOG] SystemI::createSoundInternal             :     exinfo->cbsize             = 224
[LOG] SystemI::createSoundInternal             :     exinfo->length             = 56000
[LOG] SystemI::createSoundInternal             :     exinfo->fileoffset         = 8928
[LOG] SystemI::createSoundInternal             :     exinfo->numsubsounds       = 1
[LOG] SystemI::createSoundInternal             :     exinfo->inclusionlist      = 000001B7DC78D100
[LOG] SystemI::createSoundInternal             :     exinfo->inclusionlistnum   = 1
[LOG] SystemI::createSoundInternal             :     exinfo->suggestedsoundtype = 5
[LOG] SystemI::createSoundInternal             :     exinfo->initialseekpostype = 1
[LOG] SystemI::createSoundInternal             :     Stream 0/1: name='block_land', format=5, channels=2, frequency=48000, lengthbytes=5536, lengthpcm=488217, pcmblocksize=0, loopstart=0, loopend=0, mode=0x00000000, channelmask=0x00000000, channelorder=0, peakvolume=0.300243.
[LOG] AsyncThread::threadFunc                  : Finished Asynchronous operation on sound 000001B894417788
[LOG] SoundI::release                          : death (000001B894417938)
[LOG] SoundI::release                          :     death (000001B890E6D3C8)
[LOG] SoundI::release                          :     death (000001B894416A08)
[LOG] SoundI::release                          : block_land (000001B894417788)
[LOG] SoundI::release                          :     block_land (000001B603E4A408)
[LOG] SoundI::release                          :     block_land (000001B894416858)
[LOG] SoundI::release                          : 251461__joshuaempyre__arcade-music-loop (000001B894419798)
[LOG] SoundI::release                          :     251461__joshuaempyre__arcade-music-loop (000001B603E4A0C8)
[LOG] SoundI::release                          :     251461__joshuaempyre__arcade-music-loop (000001B894415C88)
[LOG] SystemI::createSound                     : filename = Assets/FMOD/FMOD Sound Assets/Build/Desktop/Player.bank : mode 02010082
[LOG] SystemI::createSound                     : FMOD_NONBLOCKING specified.  Putting into queue to be opened asynchronously!
[LOG] AsyncThread::add                         : add sound to async queue : soundi = 000001B893840318, queue head = 000001B6020C2B68, queue count = 0
[LOG] AsyncThread::threadFunc                  : Starting Asynchronous operation on sound 000001B893840318
[LOG] SystemI::createSoundInternal             :     Create name='Assets/FMOD/FMOD Sound Assets/Build/Desktop/Player.bank', mode=0x02010082
[LOG] SystemI::createSoundInternal             :     exinfo->cbsize             = 224
[LOG] SystemI::createSoundInternal             :     exinfo->length             = 502848
[LOG] SystemI::createSoundInternal             :     exinfo->fileoffset         = 8640
[LOG] SystemI::createSoundInternal             :     exinfo->numsubsounds       = 1
[LOG] SystemI::createSoundInternal             :     exinfo->inclusionlist      = 000001B7B71103A0
[LOG] SystemI::createSoundInternal             :     exinfo->inclusionlistnum   = 1
[LOG] SystemI::createSoundInternal             :     exinfo->suggestedsoundtype = 5
[LOG] SystemI::createSoundInternal             :     exinfo->initialseekpostype = 1
[LOG] SystemI::createSoundInternal             :     Stream 0/1: name='251461__joshuaempyre__arcade-music-loop', format=5, channels=2, frequency=48000, lengthbytes=474752, lengthpcm=1645714, pcmblocksize=0, loopstart=0, loopend=0, mode=0x00000000, channelmask=0x00000000, channelorder=0, peakvolume=0.841400.
[LOG] AsyncThread::threadFunc                  : Finished Asynchronous operation on sound 000001B893840318
[LOG] SystemI::createSound                     : filename = Assets/FMOD/FMOD Sound Assets/Build/Desktop/Player.bank : mode 02010082
[LOG] SystemI::createSound                     : FMOD_NONBLOCKING specified.  Putting into queue to be opened asynchronously!
[LOG] AsyncThread::add                         : add sound to async queue : soundi = 000001B89396A628, queue head = 000001B6020C2B68, queue count = 0
[LOG] AsyncThread::threadFunc                  : Starting Asynchronous operation on sound 000001B89396A628
[LOG] SystemI::createSoundInternal             :     Create name='Assets/FMOD/FMOD Sound Assets/Build/Desktop/Player.bank', mode=0x02010082
[LOG] SystemI::createSoundInternal             :     exinfo->cbsize             = 224
[LOG] SystemI::createSoundInternal             :     exinfo->length             = 502848
[LOG] SystemI::createSoundInternal             :     exinfo->fileoffset         = 8640
[LOG] SystemI::createSoundInternal             :     exinfo->numsubsounds       = 1
[LOG] SystemI::createSoundInternal             :     exinfo->inclusionlist      = 000001B7B7110760
[LOG] SystemI::createSoundInternal             :     exinfo->inclusionlistnum   = 1
[LOG] SystemI::createSoundInternal             :     exinfo->suggestedsoundtype = 5
[LOG] SystemI::createSoundInternal             :     exinfo->initialseekpostype = 1
[LOG] SystemI::createSoundInternal             :     Stream 0/1: name='death', format=5, channels=2, frequency=48000, lengthbytes=11968, lengthpcm=488217, pcmblocksize=0, loopstart=0, loopend=0, mode=0x00000000, channelmask=0x00000000, channelorder=0, peakvolume=1.000000.
[LOG] AsyncThread::threadFunc                  : Finished Asynchronous operation on sound 000001B89396A628
[LOG] SystemI::createSound                     : filename = Assets/FMOD/FMOD Sound Assets/Build/Desktop/Blocks.bank : mode 02010082
[LOG] SystemI::createSound                     : FMOD_NONBLOCKING specified.  Putting into queue to be opened asynchronously!
[LOG] AsyncThread::add                         : add sound to async queue : soundi = 000001B893969DB8, queue head = 000001B6020C2B68, queue count = 0
[LOG] AsyncThread::threadFunc                  : Starting Asynchronous operation on sound 000001B893969DB8
[LOG] SystemI::createSoundInternal             :     Create name='Assets/FMOD/FMOD Sound Assets/Build/Desktop/Blocks.bank', mode=0x02010082
[LOG] SystemI::createSoundInternal             :     exinfo->cbsize             = 224
[LOG] SystemI::createSound                     :     filename = Assets/FMOD/FMOD Sound Assets/Build/Desktop/Player.bank : mode 02010082
[LOG] SystemI::createSoundInternal             :     exinfo->length             = 56000
[LOG] SystemI::createSound                     :     FMOD_NONBLOCKING specified.  Putting into queue to be opened asynchronously!
[LOG] SystemI::createSoundInternal             :     exinfo->fileoffset         = 8928
[LOG] AsyncThread::add                         :     add sound to async queue : soundi = 000001B89396ACE8, queue head = 000001B6020C2B68, queue count = 0
[LOG] SystemI::createSoundInternal             :     exinfo->numsubsounds       = 1
[LOG] SystemI::createSoundInternal             :     exinfo->inclusionlist      = 000001B7B71104E0
[LOG] SystemI::createSoundInternal             :     exinfo->inclusionlistnum   = 1
[LOG] SystemI::createSoundInternal             :     exinfo->suggestedsoundtype = 5
[LOG] SystemI::createSoundInternal             :     exinfo->initialseekpostype = 1
[LOG] SystemI::createSoundInternal             :     Stream 0/1: name='block_land', format=5, channels=2, frequency=48000, lengthbytes=5536, lengthpcm=488217, pcmblocksize=0, loopstart=0, loopend=0, mode=0x00000000, channelmask=0x00000000, channelorder=0, peakvolume=0.300243.
[LOG] AsyncThread::threadFunc                  : Finished Asynchronous operation on sound 000001B893969DB8
[LOG] AsyncThread::threadFunc                  : Starting Asynchronous operation on sound 000001B89396ACE8
[LOG] SystemI::createSoundInternal             :     Create name='Assets/FMOD/FMOD Sound Assets/Build/Desktop/Player.bank', mode=0x02010082
[LOG] SystemI::createSoundInternal             :     exinfo->cbsize             = 224
[LOG] SystemI::createSoundInternal             :     exinfo->length             = 502848
[LOG] SystemI::createSoundInternal             :     exinfo->fileoffset         = 8640
[LOG] SystemI::createSoundInternal             :     exinfo->numsubsounds       = 1
[LOG] SystemI::createSoundInternal             :     exinfo->inclusionlist      = 000001B7B7110260
[LOG] SystemI::createSoundInternal             :     exinfo->inclusionlistnum   = 1
[LOG] SystemI::createSoundInternal             :     exinfo->suggestedsoundtype = 5
[LOG] SystemI::createSoundInternal             :     exinfo->initialseekposition = 30856
[LOG] SystemI::createSoundInternal             :     exinfo->initialseekpostype = 1
[LOG] SystemI::createSoundInternal             :     Stream 0/1: name='251461__joshuaempyre__arcade-music-loop', format=5, channels=2, frequency=48000, lengthbytes=474752, lengthpcm=1645714, pcmblocksize=0, loopstart=0, loopend=0, mode=0x00000000, channelmask=0x00000000, channelorder=0, peakvolume=0.841400.
[LOG] AsyncThread::threadFunc                  : Finished Asynchronous operation on sound 000001B89396ACE8
[LOG] SoundI::release                          : death (000001B89396A628)
[LOG] SoundI::release                          :     death (000001B609F90BE8)
[LOG] SoundI::release                          :     death (000001B89396AB38)
[LOG] SoundI::release                          : 251461__joshuaempyre__arcade-music-loop (000001B893840318)
[LOG] SoundI::release                          :     251461__joshuaempyre__arcade-music-loop (000001B7DC781428)
[LOG] SoundI::release                          :     251461__joshuaempyre__arcade-music-loop (000001B89383F8F8)
[LOG] SoundI::release                          : block_land (000001B893969DB8)
[LOG] SoundI::release                          :     block_land (000001B609F90568)
[LOG] SoundI::release                          :     block_land (000001B89396A478)
[LOG] SoundI::release                          : 251461__joshuaempyre__arcade-music-loop (000001B89396ACE8)
[LOG] SoundI::release                          :     251461__joshuaempyre__arcade-music-loop (000001B609F903C8)
[LOG] SoundI::release                          :     251461__joshuaempyre__arcade-music-loop (000001B89396AE98)
[LOG] SoundI::release                          :  (000001B8497FFA28)
[LOG] SoundI::release                          :     block_preparation (000001B890E6D8A8)
[LOG] SoundI::release                          :  (000001B893634108)
[LOG] SoundI::release                          :     danger (000001B824BB25E8)
[LOG] SoundI::release                          :  (000001B893633B48)
[LOG] SoundI::release                          :     block_drop (000001B676A28128)
[LOG] SoundI::release                          :  (000001B8936343E8)
[LOG] SoundI::release                          :     walking_light (000001B824BB15A8)
[LOG] SoundI::release                          :  (000001B893633F98)
[LOG] SoundI::release                          :     waling_lite_real (000001B824BB1DC8)
[LOG] SoundI::release                          :  (000001B8497FF468)
[LOG] SoundI::release                          :     land_new (000001B890E6D088)
[LOG] SoundI::release                          :  (000001B893633E28)
[LOG] SoundI::release                          :     sticky_jump (000001B676A28468)
[LOG] SoundI::release                          :  (000001B893634558)
[LOG] SoundI::release                          :     start (000001B824BB1F68)
[LOG] SoundI::release                          :  (000001B8496B71C8)
[LOG] SoundI::release                          :     lose (000001B8F6F02E28)
[LOG] Thread::callback                         : FMOD Studio update thread finished.
[LOG] Thread::callback                         : FMOD Studio bank load thread finished.
[LOG] Profile::disconnectAll                   : Profiler disconnecting all clients
[LOG] Thread::callback                         : FMOD Studio sample load thread finished.
[LOG] LiveUpdate::release                      : 
[LOG] LiveUpdate::reset                        : Reset connection (reason Disconnected)
[LOG] Thread::callback                         : FMOD stream thread finished.
[LOG] Thread::callback                         : FMOD mixer thread finished.
[LOG] Profile::disconnectAll                   : Profiler disconnecting all clients
[LOG] SystemI::close                           : Closed.
